app/build/outputs/logs/manifest-merger-debug-report.txt
-- Merging decision tree log ---
manifest
ADDED from src/main/AndroidManifest.xml:2:1-180:12
	package
		ADDED from src/main/AndroidManifest.xml:3:5-28
		INJECTED from src/main/AndroidManifest.xml
		INJECTED from src/main/AndroidManifest.xml
	android:versionName
		ADDED from src/main/AndroidManifest.xml:5:5-30
		INJECTED from src/main/AndroidManifest.xml
		INJECTED from src/main/AndroidManifest.xml
	android:versionCode
		ADDED from src/main/AndroidManifest.xml:4:5-28
		INJECTED from src/main/AndroidManifest.xml
		INJECTED from src/main/AndroidManifest.xml
	xmlns:android
		ADDED from src/main/AndroidManifest.xml:2:11-69
uses-sdk
ADDED from src/main/AndroidManifest.xml:7:5-9:41
	android:targetSdkVersion
		ADDED from src/main/AndroidManifest.xml:9:9-38
		INJECTED from src/main/AndroidManifest.xml
		INJECTED from src/main/AndroidManifest.xml
	android:minSdkVersion
		ADDED from src/main/AndroidManifest.xml:8:9-34
		INJECTED from src/main/AndroidManifest.xml
		INJECTED from src/main/AndroidManifest.xml
uses-permission#android.permission.INTERNET
ADDED from src/main/AndroidManifest.xml:12:5-67
	android:name
		ADDED from src/main/AndroidManifest.xml:12:22-64
uses-permission#android.permission.WRITE_EXTERNAL_STORAGE
ADDED from src/main/AndroidManifest.xml:13:5-81
	android:name
		ADDED from src/main/AndroidManifest.xml:13:22-78
permission#com.base.base.permission.JPUSH_MESSAGE
ADDED from src/main/AndroidManifest.xml:18:5-20:47
	android:protectionLevel
		ADDED from src/main/AndroidManifest.xml:20:9-44
	android:name
		ADDED from src/main/AndroidManifest.xml:19:9-62
uses-permission#com.base.base.permission.JPUSH_MESSAGE
ADDED from src/main/AndroidManifest.xml:22:5-78
	android:name
		ADDED from src/main/AndroidManifest.xml:22:22-75
uses-permission#android.permission.RECEIVE_USER_PRESENT
ADDED from src/main/AndroidManifest.xml:23:5-79
	android:name
		ADDED from src/main/AndroidManifest.xml:23:22-76
uses-permission#android.permission.WAKE_LOCK
ADDED from src/main/AndroidManifest.xml:25:5-68
	android:name
		ADDED from src/main/AndroidManifest.xml:25:22-65
uses-permission#android.permission.READ_PHONE_STATE
ADDED from src/main/AndroidManifest.xml:26:5-75
	android:name
		ADDED from src/main/AndroidManifest.xml:26:22-72
uses-permission#android.permission.READ_EXTERNAL_STORAGE
ADDED from src/main/AndroidManifest.xml:28:5-80
	android:name
		ADDED from src/main/AndroidManifest.xml:28:22-77
uses-permission#android.permission.WRITE_SETTINGS
ADDED from src/main/AndroidManifest.xml:29:5-73
	android:name
		ADDED from src/main/AndroidManifest.xml:29:22-70
uses-permission#android.permission.VIBRATE
ADDED from src/main/AndroidManifest.xml:30:5-66
	android:name
		ADDED from src/main/AndroidManifest.xml:30:22-63
uses-permission#android.permission.MOUNT_UNMOUNT_FILESYSTEMS
ADDED from src/main/AndroidManifest.xml:31:5-84
	android:name
		ADDED from src/main/AndroidManifest.xml:31:22-81
uses-permission#android.permission.ACCESS_NETWORK_STATE
ADDED from src/main/AndroidManifest.xml:32:5-79
	android:name
		ADDED from src/main/AndroidManifest.xml:32:22-76
uses-permission#android.permission.ACCESS_WIFI_STATE
ADDED from src/main/AndroidManifest.xml:33:5-76
	android:name
		ADDED from src/main/AndroidManifest.xml:33:22-73
uses-permission#android.permission.SYSTEM_ALERT_WINDOW
ADDED from src/main/AndroidManifest.xml:34:5-78
	android:name
		ADDED from src/main/AndroidManifest.xml:34:22-75
uses-permission#android.permission.ACCESS_COARSE_LOCATION
ADDED from src/main/AndroidManifest.xml:36:5-81
	android:name
		ADDED from src/main/AndroidManifest.xml:36:22-78
uses-permission#android.permission.CHANGE_WIFI_STATE
ADDED from src/main/AndroidManifest.xml:37:5-76
	android:name
		ADDED from src/main/AndroidManifest.xml:37:22-73
uses-permission#android.permission.ACCESS_FINE_LOCATION
ADDED from src/main/AndroidManifest.xml:38:5-79
	android:name
		ADDED from src/main/AndroidManifest.xml:38:22-76
uses-permission#android.permission.ACCESS_LOCATION_EXTRA_COMMANDS
ADDED from src/main/AndroidManifest.xml:39:5-89
	android:name
		ADDED from src/main/AndroidManifest.xml:39:22-86
uses-permission#android.permission.CHANGE_NETWORK_STATE
ADDED from src/main/AndroidManifest.xml:40:5-79
	android:name
		ADDED from src/main/AndroidManifest.xml:40:22-76
application
ADDED from src/main/AndroidManifest.xml:43:5-178:19
	android:label
		ADDED from src/main/AndroidManifest.xml:47:9-41
	android:allowBackup
		ADDED from src/main/AndroidManifest.xml:45:9-35
	android:icon
		ADDED from src/main/AndroidManifest.xml:46:9-45
	android:theme
		ADDED from src/main/AndroidManifest.xml:48:9-40
	android:name
		ADDED from src/main/AndroidManifest.xml:44:9-58
activity#com.test.activity.MainActivity
ADDED from src/main/AndroidManifest.xml:49:9-57:20
	android:label
		ADDED from src/main/AndroidManifest.xml:51:13-45
	android:name
		ADDED from src/main/AndroidManifest.xml:50:13-58
intent-filter#android.intent.action.MAIN+android.intent.category.LAUNCHER
ADDED from src/main/AndroidManifest.xml:52:13-56:29
action#android.intent.action.MAIN
ADDED from src/main/AndroidManifest.xml:53:17-69
	android:name
		ADDED from src/main/AndroidManifest.xml:53:25-66
category#android.intent.category.LAUNCHER
ADDED from src/main/AndroidManifest.xml:55:17-77
	android:name
		ADDED from src/main/AndroidManifest.xml:55:27-74
meta-data#UMENG_APPKEY
ADDED from src/main/AndroidManifest.xml:60:9-63:21
	android:value
		ADDED from src/main/AndroidManifest.xml:62:13-53
	android:name
		ADDED from src/main/AndroidManifest.xml:61:13-40
meta-data#UMENG_CHANNEL
ADDED from src/main/AndroidManifest.xml:64:9-67:21
	android:value
		ADDED from src/main/AndroidManifest.xml:66:13-34
	android:name
		ADDED from src/main/AndroidManifest.xml:65:13-41
activity#cn.jpush.android.ui.PopWinActivity
ADDED from src/main/AndroidManifest.xml:73:9-77:20
	android:exported
		ADDED from src/main/AndroidManifest.xml:75:13-37
	android:theme
		ADDED from src/main/AndroidManifest.xml:76:13-49
	android:name
		ADDED from src/main/AndroidManifest.xml:74:13-62
activity#cn.jpush.android.ui.PushActivity
ADDED from src/main/AndroidManifest.xml:80:9-91:20
	android:exported
		ADDED from src/main/AndroidManifest.xml:83:13-37
	android:configChanges
		ADDED from src/main/AndroidManifest.xml:82:13-63
	android:theme
		ADDED from src/main/AndroidManifest.xml:84:13-60
	android:name
		ADDED from src/main/AndroidManifest.xml:81:13-60
intent-filter#android.intent.category.DEFAULT+cn.jpush.android.ui.PushActivity+com.base.base
ADDED from src/main/AndroidManifest.xml:85:13-90:29
action#cn.jpush.android.ui.PushActivity
ADDED from src/main/AndroidManifest.xml:86:17-75
	android:name
		ADDED from src/main/AndroidManifest.xml:86:25-72
category#android.intent.category.DEFAULT
ADDED from src/main/AndroidManifest.xml:88:17-76
	android:name
		ADDED from src/main/AndroidManifest.xml:88:27-73
category#com.base.base
ADDED from src/main/AndroidManifest.xml:89:17-58
	android:name
		ADDED from src/main/AndroidManifest.xml:89:27-55
service#cn.jpush.android.service.DownloadService
ADDED from src/main/AndroidManifest.xml:93:9-97:19
	android:enabled
		ADDED from src/main/AndroidManifest.xml:95:13-35
	android:exported
		ADDED from src/main/AndroidManifest.xml:96:13-37
	android:name
		ADDED from src/main/AndroidManifest.xml:94:13-68
service#cn.jpush.android.service.PushService
ADDED from src/main/AndroidManifest.xml:101:9-111:19
	android:enabled
		ADDED from src/main/AndroidManifest.xml:103:13-35
	android:exported
		ADDED from src/main/AndroidManifest.xml:104:13-37
	android:name
		ADDED from src/main/AndroidManifest.xml:102:13-64
intent-filter#cn.jpush.android.intent.PUSH_TIME+cn.jpush.android.intent.PushService+cn.jpush.android.intent.REGISTER+cn.jpush.android.intent.REPORT
ADDED from src/main/AndroidManifest.xml:105:13-110:29
action#cn.jpush.android.intent.REGISTER
ADDED from src/main/AndroidManifest.xml:106:17-75
	android:name
		ADDED from src/main/AndroidManifest.xml:106:25-72
action#cn.jpush.android.intent.REPORT
ADDED from src/main/AndroidManifest.xml:107:17-73
	android:name
		ADDED from src/main/AndroidManifest.xml:107:25-70
action#cn.jpush.android.intent.PushService
ADDED from src/main/AndroidManifest.xml:108:17-78
	android:name
		ADDED from src/main/AndroidManifest.xml:108:25-75
action#cn.jpush.android.intent.PUSH_TIME
ADDED from src/main/AndroidManifest.xml:109:17-76
	android:name
		ADDED from src/main/AndroidManifest.xml:109:25-73
service#cn.jpush.android.service.DaemonService
ADDED from src/main/AndroidManifest.xml:115:9-124:19
	android:enabled
		ADDED from src/main/AndroidManifest.xml:117:13-35
	android:exported
		ADDED from src/main/AndroidManifest.xml:118:13-36
	android:name
		ADDED from src/main/AndroidManifest.xml:116:13-66
intent-filter#cn.jpush.android.intent.DaemonService+com.base.base
ADDED from src/main/AndroidManifest.xml:119:13-123:29
action#cn.jpush.android.intent.DaemonService
ADDED from src/main/AndroidManifest.xml:120:17-80
	android:name
		ADDED from src/main/AndroidManifest.xml:120:25-77
receiver#cn.jpush.android.service.PushReceiver
ADDED from src/main/AndroidManifest.xml:127:9-146:20
	android:enabled
		ADDED from src/main/AndroidManifest.xml:129:13-35
	android:exported
		ADDED from src/main/AndroidManifest.xml:130:13-37
	android:name
		ADDED from src/main/AndroidManifest.xml:128:13-65
intent-filter#cn.jpush.android.intent.NOTIFICATION_RECEIVED_PROXY+com.base.base
ADDED from src/main/AndroidManifest.xml:131:13-134:29
	android:priority
		ADDED from src/main/AndroidManifest.xml:131:28-51
action#cn.jpush.android.intent.NOTIFICATION_RECEIVED_PROXY
ADDED from src/main/AndroidManifest.xml:132:17-94
	android:name
		ADDED from src/main/AndroidManifest.xml:132:25-91
intent-filter#android.intent.action.USER_PRESENT+android.net.conn.CONNECTIVITY_CHANGE
ADDED from src/main/AndroidManifest.xml:135:13-138:29
action#android.intent.action.USER_PRESENT
ADDED from src/main/AndroidManifest.xml:136:17-77
	android:name
		ADDED from src/main/AndroidManifest.xml:136:25-74
action#android.net.conn.CONNECTIVITY_CHANGE
ADDED from src/main/AndroidManifest.xml:137:17-79
	android:name
		ADDED from src/main/AndroidManifest.xml:137:25-76
intent-filter#android.intent.action.PACKAGE_ADDED+android.intent.action.PACKAGE_REMOVED
ADDED from src/main/AndroidManifest.xml:140:13-145:29
action#android.intent.action.PACKAGE_ADDED
ADDED from src/main/AndroidManifest.xml:141:17-78
	android:name
		ADDED from src/main/AndroidManifest.xml:141:25-75
action#android.intent.action.PACKAGE_REMOVED
ADDED from src/main/AndroidManifest.xml:142:17-80
	android:name
		ADDED from src/main/AndroidManifest.xml:142:25-77
data
ADDED from src/main/AndroidManifest.xml:144:17-50
	android:scheme
		ADDED from src/main/AndroidManifest.xml:144:23-47
receiver#cn.jpush.android.service.AlarmReceiver
ADDED from src/main/AndroidManifest.xml:149:9-151:40
	android:exported
		ADDED from src/main/AndroidManifest.xml:151:13-37
	android:name
		ADDED from src/main/AndroidManifest.xml:150:13-66
receiver#com.base.push.JPUSHReceiver
ADDED from src/main/AndroidManifest.xml:154:9-168:20
	android:enabled
		ADDED from src/main/AndroidManifest.xml:156:13-35
	android:exported
		ADDED from src/main/AndroidManifest.xml:157:13-37
	android:name
		ADDED from src/main/AndroidManifest.xml:155:13-55
intent-filter#cn.jpush.android.intent.ACTION_RICHPUSH_CALLBACK+cn.jpush.android.intent.CONNECTION+cn.jpush.android.intent.MESSAGE_RECEIVED+cn.jpush.android.intent.NOTIFICATION_OPENED+cn.jpush.android.intent.NOTIFICATION_RECEIVED+cn.jpush.android.intent.REGISTRATION+cn.jpush.android.intent.UNREGISTRATION+com.base.base
ADDED from src/main/AndroidManifest.xml:158:13-167:29
action#cn.jpush.android.intent.REGISTRATION
ADDED from src/main/AndroidManifest.xml:159:17-79
	android:name
		ADDED from src/main/AndroidManifest.xml:159:25-76
action#cn.jpush.android.intent.UNREGISTRATION
ADDED from src/main/AndroidManifest.xml:160:17-81
	android:name
		ADDED from src/main/AndroidManifest.xml:160:25-78
action#cn.jpush.android.intent.MESSAGE_RECEIVED
ADDED from src/main/AndroidManifest.xml:161:17-83
	android:name
		ADDED from src/main/AndroidManifest.xml:161:25-80
action#cn.jpush.android.intent.NOTIFICATION_RECEIVED
ADDED from src/main/AndroidManifest.xml:162:17-88
	android:name
		ADDED from src/main/AndroidManifest.xml:162:25-85
action#cn.jpush.android.intent.NOTIFICATION_OPENED
ADDED from src/main/AndroidManifest.xml:163:17-86
	android:name
		ADDED from src/main/AndroidManifest.xml:163:25-83
action#cn.jpush.android.intent.ACTION_RICHPUSH_CALLBACK
ADDED from src/main/AndroidManifest.xml:164:17-91
	android:name
		ADDED from src/main/AndroidManifest.xml:164:25-88
action#cn.jpush.android.intent.CONNECTION
ADDED from src/main/AndroidManifest.xml:165:17-77
	android:name
		ADDED from src/main/AndroidManifest.xml:165:25-74
meta-data#JPUSH_CHANNEL
ADDED from src/main/AndroidManifest.xml:171:9-173:49
	android:value
		ADDED from src/main/AndroidManifest.xml:173:13-46
	android:name
		ADDED from src/main/AndroidManifest.xml:172:13-41
meta-data#JPUSH_APPKEY
ADDED from src/main/AndroidManifest.xml:174:9-176:56
	android:value
		ADDED from src/main/AndroidManifest.xml:176:13-53
	android:name
		ADDED from src/main/AndroidManifest.xml:175:13-40